<?xml version="1.0" encoding="UTF-8"?>
<testng-results skipped="0" failed="0" total="1" passed="1">
  <reporter-output>
  </reporter-output>
  <suite name="Default suite" duration-ms="20048" started-at="2016-03-06T03:53:02Z" finished-at="2016-03-06T03:53:23Z">
    <groups>
    </groups>
    <test name="Default test" duration-ms="20048" started-at="2016-03-06T03:53:02Z" finished-at="2016-03-06T03:53:23Z">
      <class name="test.SupportTest">
        <test-method status="PASS" signature="testSetup()[pri:0, instance:test.SupportTest@fc77f54]" name="testSetup" is-config="true" duration-ms="13093" started-at="2016-03-05T22:53:02Z" finished-at="2016-03-05T22:53:16Z">
          <reporter-output>
          </reporter-output>
        </test-method> <!-- testSetup -->
        <test-method status="PASS" signature="SupportingTestLink()[pri:0, instance:test.SupportTest@fc77f54]" name="SupportingTestLink" duration-ms="6925" started-at="2016-03-05T22:53:16Z" finished-at="2016-03-05T22:53:22Z">
          <reporter-output>
          </reporter-output>
        </test-method> <!-- SupportingTestLink -->
        <test-method status="PASS" signature="tearDown()[pri:0, instance:test.SupportTest@fc77f54]" name="tearDown" is-config="true" duration-ms="16" started-at="2016-03-05T22:53:22Z" finished-at="2016-03-05T22:53:23Z">
          <reporter-output>
          </reporter-output>
        </test-method> <!-- tearDown -->
      </class> <!-- test.SupportTest -->
    </test> <!-- Default test -->
  </suite> <!-- Default suite -->
</testng-results>
